<?xml version="1.0" encoding="UTF-8"?>
<!-- Generated by org.testng.reporters.JUnitReportReporter -->
<testsuite hostname="TSI0267-sarathkumar" failures="0" tests="1" name="com.bfm.project.login" time="22.202" errors="0" timestamp="2023-12-22T09:38:58 IST" skipped="0">
  <testcase classname="com.bfm.project.login" name="login" time="22.202"/>
  <system-out/>
</testsuite> <!-- com.bfm.project.login -->
